<?xml version="1.0" encoding="UTF-8"?>
<testsuite xmlns:xsi="http://www.w3.org/2001/XMLSchema-instance" xsi:noNamespaceSchemaLocation="https://maven.apache.org/surefire/maven-surefire-plugin/xsd/surefire-test-report.xsd" version="3.0.2" name="com.electrahub.ocpp.OcppServiceApplicationTests" time="6.86" tests="1" errors="0" skipped="0" failures="0">
  <properties>
[...]
</properties>
  <testcase name="contextLoads" classname="com.electrahub.ocpp.OcppServiceApplicationTests" time="0.281">
    <system-out><![CDATA[22:45:53.652 [main] INFO org.springframework.test.context.support.AnnotationConfigContextLoaderUtils -- Could not detect default configuration classes for test class [com.electrahub.ocpp.OcppServiceApplicationTests]: OcppServiceApplicationTests does not declare any static, non-private, non-final, nested classes annotated with @Configuration.
22:45:53.749 [main] INFO org.springframework.boot.test.context.SpringBootTestContextBootstrapper -- Found @SpringBootConfiguration com.electrahub.ocpp.OcppServiceApplication for test class com.electrahub.ocpp.OcppServiceApplicationTests

  .   ____          _            __ _ _
 /\\ / ___'_ __ _ _(_)_ __  __ _ \ \ \ \
( ( )\___ | '_ | '_| | '_ \/ _` | \ \ \ \
 \\/  ___)| |_)| | | | | || (_| |  ) ) ) )
  '  |____| .__|_| |_|_| |_\__, | / / / /
 =========|_|==============|___/=/_/_/_/

 :: Spring Boot ::                (v4.0.1)

2026-06-23T22:45:54.154-04:00 INFO  12796 --- [ocpp-service] [main] traceId= spanId= c.e.ocpp.OcppServiceApplicationTests : Starting OcppServiceApplicationTests using Java 25.0.3 with PID 12796 (started by amols in C:\development\project\ocpp-service)
2026-06-23T22:45:54.155-04:00 INFO  12796 --- [ocpp-service] [main] traceId= spanId= c.e.ocpp.OcppServiceApplicationTests : The following 1 profile is active: "test"
2026-06-23T22:45:54.497-04:00 INFO  12796 --- [ocpp-service] [background-preinit] traceId= spanId= o.h.validator.internal.util.Version : HV000001: Hibernate Validator 9.0.1.Final
2026-06-23T22:45:55.368-04:00 INFO  12796 --- [ocpp-service] [main] traceId= spanId= o.s.d.r.c.RepositoryConfigurationDelegate : Multiple Spring Data modules found, entering strict repository configuration mode
2026-06-23T22:45:55.370-04:00 INFO  12796 --- [ocpp-service] [main] traceId= spanId= o.s.d.r.c.RepositoryConfigurationDelegate : Bootstrapping Spring Data JPA repositories in DEFAULT mode.
2026-06-23T22:45:55.507-04:00 INFO  12796 --- [ocpp-service] [main] traceId= spanId= o.s.d.r.c.RepositoryConfigurationDelegate : Finished Spring Data repository scanning in 129 ms. Found 3 JPA repository interfaces.
2026-06-23T22:45:55.549-04:00 INFO  12796 --- [ocpp-service] [main] traceId= spanId= o.s.d.r.c.RepositoryConfigurationDelegate : Multiple Spring Data modules found, entering strict repository configuration mode
2026-06-23T22:45:55.550-04:00 INFO  12796 --- [ocpp-service] [main] traceId= spanId= o.s.d.r.c.RepositoryConfigurationDelegate : Bootstrapping Spring Data Redis repositories in DEFAULT mode.
2026-06-23T22:45:55.567-04:00 INFO  12796 --- [ocpp-service] [main] traceId= spanId= o.s.d.r.c.RepositoryConfigurationExtensionSupport : Spring Data Redis - Could not safely identify store assignment for repository candidate interface com.electrahub.ocpp.repository.OcppConnectionRepository; If you want this repository to be a Redis repository, consider annotating your entities with one of these annotations: org.springframework.data.redis.core.RedisHash (preferred), or consider extending one of the following types with your repository: org.springframework.data.keyvalue.repository.KeyValueRepository
2026-06-23T22:45:55.568-04:00 INFO  12796 --- [ocpp-service] [main] traceId= spanId= o.s.d.r.c.RepositoryConfigurationExtensionSupport : Spring Data Redis - Could not safely identify store assignment for repository candidate interface com.electrahub.ocpp.repository.OcppMessageLogRepository; If you want this repository to be a Redis repository, consider annotating your entities with one of these annotations: org.springframework.data.redis.core.RedisHash (preferred), or consider extending one of the following types with your repository: org.springframework.data.keyvalue.repository.KeyValueRepository
2026-06-23T22:45:55.568-04:00 INFO  12796 --- [ocpp-service] [main] traceId= spanId= o.s.d.r.c.RepositoryConfigurationExtensionSupport : Spring Data Redis - Could not safely identify store assignment for repository candidate interface com.electrahub.ocpp.repository.OcppPendingRequestRepository; If you want this repository to be a Redis repository, consider annotating your entities with one of these annotations: org.springframework.data.redis.core.RedisHash (preferred), or consider extending one of the following types with your repository: org.springframework.data.keyvalue.repository.KeyValueRepository
2026-06-23T22:45:55.568-04:00 INFO  12796 --- [ocpp-service] [main] traceId= spanId= o.s.d.r.c.RepositoryConfigurationDelegate : Finished Spring Data repository scanning in 8 ms. Found 0 Redis repository interfaces.
2026-06-23T22:45:56.202-04:00 INFO  12796 --- [ocpp-service] [main] traceId= spanId= org.hibernate.orm.jpa : HHH008540: Processing PersistenceUnitInfo [name: default]
2026-06-23T22:45:56.250-04:00 INFO  12796 --- [ocpp-service] [main] traceId= spanId= org.hibernate.orm.core : HHH000001: Hibernate ORM core version 7.2.0.Final
2026-06-23T22:45:56.625-04:00 INFO  12796 --- [ocpp-service] [main] traceId= spanId= o.s.o.j.p.SpringPersistenceUnitInfo : No LoadTimeWeaver setup: ignoring JPA class transformer
2026-06-23T22:45:56.660-04:00 INFO  12796 --- [ocpp-service] [main] traceId= spanId= com.zaxxer.hikari.HikariDataSource : HikariPool-1 - Starting...
2026-06-23T22:45:56.808-04:00 INFO  12796 --- [ocpp-service] [main] traceId= spanId= com.zaxxer.hikari.pool.HikariPool : HikariPool-1 - Added connection conn0: url=jdbc:h2:mem:testdb user=SA
2026-06-23T22:45:56.810-04:00 INFO  12796 --- [ocpp-service] [main] traceId= spanId= com.zaxxer.hikari.HikariDataSource : HikariPool-1 - Start completed.
2026-06-23T22:45:56.829-04:00 WARN  12796 --- [ocpp-service] [main] traceId= spanId= org.hibernate.orm.core : HHH000511: The 2.4.240 version for [org.hibernate.dialect.PostgreSQLDialect] is no longer supported, hence certain features may not work properly.The minimum supported version is 13.0.0. Check the community dialects project for available legacy versions.
2026-06-23T22:45:56.832-04:00 WARN  12796 --- [ocpp-service] [main] traceId= spanId= org.hibernate.orm.deprecation : HHH90000025: PostgreSQLDialect does not need to be specified explicitly using 'hibernate.dialect' (remove the property setting and it will be selected by default)
2026-06-23T22:45:56.853-04:00 INFO  12796 --- [ocpp-service] [main] traceId= spanId= o.hibernate.orm.connections.pooling : HHH10001005: Database info:
	Database JDBC URL [jdbc:h2:mem:testdb]
	Database driver: H2 JDBC Driver
	Database dialect: PostgreSQLDialect
	Database version: 2.4.240
	Default catalog/schema: TESTDB/PUBLIC
	Autocommit mode: undefined/unknown
	Isolation level: READ_COMMITTED [default READ_COMMITTED]
	JDBC fetch size: 100
	Pool: DataSourceConnectionProvider
	Minimum pool size: undefined/unknown
	Maximum pool size: undefined/unknown
2026-06-23T22:45:57.520-04:00 INFO  12796 --- [ocpp-service] [main] traceId= spanId= org.hibernate.orm.core : HHH000489: No JTA platform available (set 'hibernate.transaction.jta.platform' to enable JTA platform integration)
2026-06-23T22:45:57.551-04:00 INFO  12796 --- [ocpp-service] [main] traceId= spanId= o.s.o.j.LocalContainerEntityManagerFactoryBean : Initialized JPA EntityManagerFactory for persistence unit 'default'
2026-06-23T22:45:57.628-04:00 INFO  12796 --- [ocpp-service] [main] traceId= spanId= c.e.ocpp.config.RestClientConfig :  Entering RestClientConfig#restClientBuilder
2026-06-23T22:45:57.773-04:00 INFO  12796 --- [ocpp-service] [main] traceId= spanId= c.e.ocpp.handler.AuthorizeHandler :  Entering AuthorizeHandler#AuthorizeHandler
2026-06-23T22:45:57.780-04:00 INFO  12796 --- [ocpp-service] [main] traceId= spanId= c.e.o.h.BootNotificationHandler :  Entering BootNotificationHandler#BootNotificationHandler
2026-06-23T22:45:57.975-04:00 INFO  12796 --- [ocpp-service] [main] traceId= spanId= c.e.o.observability.MicrometerConfig :  Entering MicrometerConfig#Value
2026-06-23T22:45:58.105-04:00 INFO  12796 --- [ocpp-service] [main] traceId= spanId= c.electrahub.ocpp.config.RedisConfig :  Entering RedisConfig#redisTemplate
2026-06-23T22:45:58.198-04:00 INFO  12796 --- [ocpp-service] [main] traceId= spanId= c.e.ocpp.websocket.ConnectionManager :  Entering ConnectionManager#ConnectionManager
2026-06-23T22:45:58.354-04:00 INFO  12796 --- [ocpp-service] [main] traceId= spanId= o.s.d.j.r.q.QueryEnhancerFactories : Hibernate is in classpath; If applicable, HQL parser will be used.
2026-06-23T22:45:58.570-04:00 INFO  12796 --- [ocpp-service] [main] traceId= spanId= c.e.o.i.StationServiceClient :  Entering StationServiceClient#Value
2026-06-23T22:45:58.603-04:00 INFO  12796 --- [ocpp-service] [main] traceId= spanId= c.e.o.o.ObservabilityAspect :  Entering ObservabilityAspect#ObservabilityAspect
2026-06-23T22:45:58.666-04:00 INFO  12796 --- [ocpp-service] [main] traceId= spanId= c.e.o.service.OcppMessageLogService :  Entering OcppMessageLogService#OcppMessageLogService
2026-06-23T22:45:58.673-04:00 INFO  12796 --- [ocpp-service] [main] traceId= spanId= c.e.o.service.RemoteCommandService :  Entering RemoteCommandService#RemoteCommandService
2026-06-23T22:45:58.691-04:00 INFO  12796 --- [ocpp-service] [main] traceId= spanId= c.e.o.o.ObservabilityAspect : Starting AuthorizeHandler.getAction
2026-06-23T22:45:58.698-04:00 INFO  12796 --- [ocpp-service] [main] traceId= spanId= c.e.o.o.ObservabilityAspect : Completed AuthorizeHandler.getAction in 5 ms
2026-06-23T22:45:58.698-04:00 INFO  12796 --- [ocpp-service] [main] traceId= spanId= c.e.o.o.ObservabilityAspect : Starting BootNotificationHandler.getAction
2026-06-23T22:45:58.698-04:00 INFO  12796 --- [ocpp-service] [main] traceId= spanId= c.e.o.o.ObservabilityAspect : Completed BootNotificationHandler.getAction in 0 ms
2026-06-23T22:45:58.699-04:00 INFO  12796 --- [ocpp-service] [main] traceId= spanId= c.e.o.o.ObservabilityAspect : Starting DataTransferHandler.getAction
2026-06-23T22:45:58.699-04:00 INFO  12796 --- [ocpp-service] [main] traceId= spanId= c.e.ocpp.handler.DataTransferHandler :  Entering DataTransferHandler#getAction
2026-06-23T22:45:58.699-04:00 INFO  12796 --- [ocpp-service] [main] traceId= spanId= c.e.o.o.ObservabilityAspect : Completed DataTransferHandler.getAction in 0 ms
2026-06-23T22:45:58.699-04:00 INFO  12796 --- [ocpp-service] [main] traceId= spanId= c.e.o.o.ObservabilityAspect : Starting HeartbeatHandler.getAction
2026-06-23T22:45:58.699-04:00 INFO  12796 --- [ocpp-service] [main] traceId= spanId= c.e.ocpp.handler.HeartbeatHandler :  Entering HeartbeatHandler#getAction
2026-06-23T22:45:58.699-04:00 INFO  12796 --- [ocpp-service] [main] traceId= spanId= c.e.o.o.ObservabilityAspect : Completed HeartbeatHandler.getAction in 0 ms
2026-06-23T22:45:58.700-04:00 INFO  12796 --- [ocpp-service] [main] traceId= spanId= c.e.o.o.ObservabilityAspect : Starting MeterValuesHandler.getAction
2026-06-23T22:45:58.700-04:00 INFO  12796 --- [ocpp-service] [main] traceId= spanId= c.e.o.o.ObservabilityAspect : Completed MeterValuesHandler.getAction in 0 ms
2026-06-23T22:45:58.700-04:00 INFO  12796 --- [ocpp-service] [main] traceId= spanId= c.e.o.o.ObservabilityAspect : Starting StartTransactionHandler.getAction
2026-06-23T22:45:58.700-04:00 INFO  12796 --- [ocpp-service] [main] traceId= spanId= c.e.o.o.ObservabilityAspect : Completed StartTransactionHandler.getAction in 0 ms
2026-06-23T22:45:58.701-04:00 INFO  12796 --- [ocpp-service] [main] traceId= spanId= c.e.o.o.ObservabilityAspect : Starting StatusNotificationHandler.getAction
2026-06-23T22:45:58.701-04:00 INFO  12796 --- [ocpp-service] [main] traceId= spanId= c.e.o.o.ObservabilityAspect : Completed StatusNotificationHandler.getAction in 0 ms
2026-06-23T22:45:58.701-04:00 INFO  12796 --- [ocpp-service] [main] traceId= spanId= c.e.o.o.ObservabilityAspect : Starting StopTransactionHandler.getAction
2026-06-23T22:45:58.701-04:00 INFO  12796 --- [ocpp-service] [main] traceId= spanId= c.e.o.o.ObservabilityAspect : Completed StopTransactionHandler.getAction in 0 ms
2026-06-23T22:45:58.701-04:00 INFO  12796 --- [ocpp-service] [main] traceId= spanId= c.e.o.o.ObservabilityAspect : Starting TransactionEventHandler.getAction
2026-06-23T22:45:58.701-04:00 INFO  12796 --- [ocpp-service] [main] traceId= spanId= c.e.o.o.ObservabilityAspect : Completed TransactionEventHandler.getAction in 0 ms
2026-06-23T22:45:58.741-04:00 INFO  12796 --- [ocpp-service] [main] traceId= spanId= c.e.ocpp.config.JacksonConfig :  Entering JacksonConfig#objectMapper
2026-06-23T22:45:58.764-04:00 INFO  12796 --- [ocpp-service] [main] traceId= spanId= c.e.ocpp.web.RemoteCommandController :  Entering RemoteCommandController#RemoteCommandController
2026-06-23T22:45:58.771-04:00 INFO  12796 --- [ocpp-service] [main] traceId= spanId= c.electrahub.ocpp.config.AsyncConfig :  Entering AsyncConfig#taskExecutor
2026-06-23T22:45:58.780-04:00 INFO  12796 --- [ocpp-service] [main] traceId= spanId= c.e.ocpp.config.OpenApiConfig :  Entering OpenApiConfig#openAPI
2026-06-23T22:45:58.957-04:00 WARN  12796 --- [ocpp-service] [main] traceId= spanId= o.s.b.j.a.JpaBaseConfiguration$JpaWebConfiguration : spring.jpa.open-in-view is enabled by default. Therefore, database queries may be performed during view rendering. Explicitly configure spring.jpa.open-in-view to disable this warning
2026-06-23T22:45:59.097-04:00 WARN  12796 --- [ocpp-service] [main] traceId= spanId= o.s.b.s.a.UserDetailsServiceAutoConfiguration : 

Using generated security password: 0f6ac6a0-6bfe-4709-972b-23c6bca18d64

This generated password is for development use only. Your security configuration must be updated before running your application in production.

2026-06-23T22:45:59.104-04:00 INFO  12796 --- [ocpp-service] [main] traceId= spanId= o.s.s.c.a.a.c.InitializeUserDetailsBeanManagerConfigurer$InitializeUserDetailsManagerConfigurer : Global AuthenticationManager configured with UserDetailsService bean with name inMemoryUserDetailsManager
2026-06-23T22:45:59.173-04:00 INFO  12796 --- [ocpp-service] [main] traceId= spanId= c.e.ocpp.config.SecurityConfig :  Entering SecurityConfig#filterChain
2026-06-23T22:45:59.977-04:00 INFO  12796 --- [ocpp-service] [main] traceId= spanId= o.s.b.a.e.web.EndpointLinksResolver : Exposing 2 endpoints beneath base path '/actuator'
2026-06-23T22:46:00.043-04:00 INFO  12796 --- [ocpp-service] [main] traceId= spanId= c.e.ocpp.OcppServiceApplicationTests : Started OcppServiceApplicationTests in 6.173 seconds (process running for 7.044)
2026-06-23T22:46:00.048-04:00 INFO  12796 --- [ocpp-service] [scheduling-1] traceId= spanId= c.e.o.o.ObservabilityAspect : Starting HeartbeatMonitorService.checkHeartbeats
2026-06-23T22:46:00.048-04:00 INFO  12796 --- [ocpp-service] [scheduling-1] traceId= spanId= c.e.o.s.HeartbeatMonitorService :  Entering HeartbeatMonitorService#checkHeartbeats
2026-06-23T22:46:00.049-04:00 INFO  12796 --- [ocpp-service] [scheduling-1] traceId= spanId= c.e.o.o.ObservabilityAspect : Starting OcppConnectionRepository.findAllByActiveTrue
2026-06-23T22:46:00.096-04:00 WARN  12796 --- [ocpp-service] [main] traceId= spanId= o.s.c.events.SpringDocAppInitializer : SpringDoc /v3/api-docs endpoint is enabled by default. To disable it in production, set the property 'springdoc.api-docs.enabled=false'
2026-06-23T22:46:00.096-04:00 WARN  12796 --- [ocpp-service] [main] traceId= spanId= o.s.c.events.SpringDocAppInitializer : SpringDoc /swagger-ui.html endpoint is enabled by default. To disable it in production, set the property 'springdoc.swagger-ui.enabled=false'
2026-06-23T22:46:00.376-04:00 INFO  12796 --- [ocpp-service] [scheduling-1] traceId= spanId= c.e.o.o.ObservabilityAspect : Completed OcppConnectionRepository.findAllByActiveTrue in 325 ms
2026-06-23T22:46:00.376-04:00 INFO  12796 --- [ocpp-service] [scheduling-1] traceId= spanId= c.e.o.o.ObservabilityAspect : Completed HeartbeatMonitorService.checkHeartbeats in 328 ms
2026-06-23T22:46:00.378-04:00 INFO  12796 --- [ocpp-service] [main] traceId= spanId= c.e.ocpp.OcppServiceApplicationTests :  Entering OcppServiceApplicationTests#contextLoads
]]></system-out>
    <system-err><![CDATA[Mockito is currently self-attaching to enable the inline-mock-maker. This will no longer work in future releases of the JDK. Please add Mockito as an agent to your build as described in Mockito's documentation: https://javadoc.io/doc/org.mockito/mockito-core/latest/org.mockito/org/mockito/Mockito.html#0.3
WARNING: A Java agent has been loaded dynamically (C:\Users\amols\.m2\repository\net\bytebuddy\byte-buddy-agent\1.17.8\byte-buddy-agent-1.17.8.jar)
WARNING: If a serviceability tool is in use, please run with -XX:+EnableDynamicAgentLoading to hide this warning
WARNING: If a serviceability tool is not in use, please run with -Djdk.instrument.traceUsage for more information
WARNING: Dynamic loading of agents will be disallowed by default in a future release
]]></system-err>
  </testcase>
</testsuite>